2026-03-03 07:42:54,070 | INFO | experiment_start paper=Attention Is All You Need seed=42 iterations=120
2026-03-03 07:42:54,083 | INFO | device=cuda
2026-03-03 07:43:02,778 | INFO | baseline unigram_ppl=755.5196 bigram_ppl=596.7066
2026-03-03 07:43:05,177 | INFO | attempt=1 step=1 d_model=128 layers=2 train_loss=10.0888 val_loss=10.0035 val_ppl=22104.2198
2026-03-03 07:43:06,060 | INFO | attempt=1 step=20 d_model=128 layers=2 train_loss=8.9533 val_loss=8.7967 val_ppl=6612.6062
2026-03-03 07:43:06,941 | INFO | attempt=1 step=40 d_model=128 layers=2 train_loss=8.0610 val_loss=7.9354 val_ppl=2794.4020
2026-03-03 07:43:07,839 | INFO | attempt=1 step=60 d_model=128 layers=2 train_loss=7.3435 val_loss=7.3236 val_ppl=1515.6539
2026-03-03 07:43:08,723 | INFO | attempt=1 step=80 d_model=128 layers=2 train_loss=7.0515 val_loss=6.9573 val_ppl=1050.7581
2026-03-03 07:43:09,603 | INFO | attempt=1 step=100 d_model=128 layers=2 train_loss=6.8283 val_loss=6.8234 val_ppl=919.1465
2026-03-03 07:43:10,495 | INFO | attempt=1 step=120 d_model=128 layers=2 train_loss=6.7364 val_loss=6.7850 val_ppl=884.4519
2026-03-03 07:43:10,496 | INFO | attempt_done attempt=1 steps=120 d_model=128 layers=2 val_ppl=884.4519
2026-03-03 07:43:11,334 | INFO | attempt=2 step=1 d_model=192 layers=3 train_loss=10.0732 val_loss=9.8839 val_ppl=19611.8258
2026-03-03 07:43:12,463 | INFO | attempt=2 step=20 d_model=192 layers=3 train_loss=8.4217 val_loss=8.2261 val_ppl=3737.2464
2026-03-03 07:43:13,624 | INFO | attempt=2 step=40 d_model=192 layers=3 train_loss=7.4122 val_loss=7.3034 val_ppl=1485.3423
2026-03-03 07:43:14,782 | INFO | attempt=2 step=60 d_model=192 layers=3 train_loss=6.8025 val_loss=6.8907 val_ppl=983.0575
2026-03-03 07:43:15,935 | INFO | attempt=2 step=80 d_model=192 layers=3 train_loss=6.8826 val_loss=6.8393 val_ppl=933.8783
2026-03-03 07:43:17,089 | INFO | attempt=2 step=100 d_model=192 layers=3 train_loss=6.7404 val_loss=6.8002 val_ppl=897.9908
2026-03-03 07:43:18,263 | INFO | attempt=2 step=120 d_model=192 layers=3 train_loss=6.6671 val_loss=6.7614 val_ppl=863.8779
2026-03-03 07:43:19,429 | INFO | attempt=2 step=140 d_model=192 layers=3 train_loss=6.6552 val_loss=6.6973 val_ppl=810.2499
2026-03-03 07:43:20,589 | INFO | attempt=2 step=160 d_model=192 layers=3 train_loss=6.8877 val_loss=6.6424 val_ppl=766.9153
2026-03-03 07:43:21,756 | INFO | attempt=2 step=180 d_model=192 layers=3 train_loss=6.6422 val_loss=6.5931 val_ppl=730.0470
2026-03-03 07:43:22,915 | INFO | attempt=2 step=200 d_model=192 layers=3 train_loss=6.4003 val_loss=6.5616 val_ppl=707.3732
2026-03-03 07:43:24,067 | INFO | attempt=2 step=220 d_model=192 layers=3 train_loss=6.5050 val_loss=6.5394 val_ppl=691.8850
2026-03-03 07:43:25,224 | INFO | attempt=2 step=240 d_model=192 layers=3 train_loss=6.5022 val_loss=6.5026 val_ppl=666.8958
2026-03-03 07:43:25,225 | INFO | attempt_done attempt=2 steps=240 d_model=192 layers=3 val_ppl=666.8958
2026-03-03 07:43:26,262 | INFO | attempt=3 step=1 d_model=256 layers=4 train_loss=10.1026 val_loss=9.7206 val_ppl=16657.9336
2026-03-03 07:43:27,669 | INFO | attempt=3 step=20 d_model=256 layers=4 train_loss=8.0169 val_loss=7.8507 val_ppl=2567.6443
2026-03-03 07:43:29,104 | INFO | attempt=3 step=40 d_model=256 layers=4 train_loss=6.9828 val_loss=6.9812 val_ppl=1076.1575
2026-03-03 07:43:30,546 | INFO | attempt=3 step=60 d_model=256 layers=4 train_loss=6.7141 val_loss=6.8704 val_ppl=963.3348
2026-03-03 07:43:31,980 | INFO | attempt=3 step=80 d_model=256 layers=4 train_loss=6.8395 val_loss=6.8587 val_ppl=952.0989
2026-03-03 07:43:33,434 | INFO | attempt=3 step=100 d_model=256 layers=4 train_loss=6.7212 val_loss=6.7867 val_ppl=886.0054
2026-03-03 07:43:34,872 | INFO | attempt=3 step=120 d_model=256 layers=4 train_loss=6.6012 val_loss=6.7070 val_ppl=818.1240
2026-03-03 07:43:36,308 | INFO | attempt=3 step=140 d_model=256 layers=4 train_loss=6.5566 val_loss=6.6339 val_ppl=760.4439
2026-03-03 07:43:37,756 | INFO | attempt=3 step=160 d_model=256 layers=4 train_loss=6.8602 val_loss=6.5854 val_ppl=724.4631
2026-03-03 07:43:39,195 | INFO | attempt=3 step=180 d_model=256 layers=4 train_loss=6.5338 val_loss=6.5339 val_ppl=688.0555
2026-03-03 07:43:40,636 | INFO | attempt=3 step=200 d_model=256 layers=4 train_loss=6.3448 val_loss=6.4976 val_ppl=663.5435
2026-03-03 07:43:42,080 | INFO | attempt=3 step=220 d_model=256 layers=4 train_loss=6.3832 val_loss=6.4751 val_ppl=648.8082
2026-03-03 07:43:43,516 | INFO | attempt=3 step=240 d_model=256 layers=4 train_loss=6.4365 val_loss=6.4461 val_ppl=630.2184
2026-03-03 07:43:44,948 | INFO | attempt=3 step=260 d_model=256 layers=4 train_loss=6.4672 val_loss=6.4115 val_ppl=608.8297
2026-03-03 07:43:46,396 | INFO | attempt=3 step=280 d_model=256 layers=4 train_loss=6.5926 val_loss=6.3965 val_ppl=599.7580
2026-03-03 07:43:47,843 | INFO | attempt=3 step=300 d_model=256 layers=4 train_loss=6.4068 val_loss=6.3818 val_ppl=590.9757
2026-03-03 07:43:49,301 | INFO | attempt=3 step=320 d_model=256 layers=4 train_loss=6.1778 val_loss=6.3664 val_ppl=581.9807
2026-03-03 07:43:50,748 | INFO | attempt=3 step=340 d_model=256 layers=4 train_loss=6.1302 val_loss=6.3447 val_ppl=569.4581
2026-03-03 07:43:52,191 | INFO | attempt=3 step=360 d_model=256 layers=4 train_loss=6.2071 val_loss=6.3221 val_ppl=556.7429
2026-03-03 07:43:53,638 | INFO | attempt=3 step=380 d_model=256 layers=4 train_loss=6.4154 val_loss=6.3012 val_ppl=545.2159
2026-03-03 07:43:55,083 | INFO | attempt=3 step=400 d_model=256 layers=4 train_loss=6.2678 val_loss=6.2786 val_ppl=533.0291
2026-03-03 07:43:56,513 | INFO | attempt=3 step=420 d_model=256 layers=4 train_loss=6.4280 val_loss=6.2576 val_ppl=521.9833
2026-03-03 07:43:57,963 | INFO | attempt=3 step=440 d_model=256 layers=4 train_loss=6.2862 val_loss=6.2387 val_ppl=512.1961
2026-03-03 07:43:59,422 | INFO | attempt=3 step=460 d_model=256 layers=4 train_loss=6.3526 val_loss=6.2346 val_ppl=510.1004
2026-03-03 07:44:00,872 | INFO | attempt=3 step=480 d_model=256 layers=4 train_loss=6.5936 val_loss=6.2145 val_ppl=499.9623
2026-03-03 07:44:00,873 | INFO | attempt_done attempt=3 steps=480 d_model=256 layers=4 val_ppl=499.9623
2026-03-03 07:44:00,873 | INFO | target_achieved attempt=3 val_ppl=499.9623 baseline=596.7066
2026-03-03 07:44:01,098 | INFO | experiment_done best_attempt=3 final_val_ppl=499.9623 baseline=596.7066 target_achieved=True
