2026-03-03 07:48:36,715 | INFO | experiment_start paper=Attention Is All You Need seed=42 iterations=120
2026-03-03 07:48:36,720 | INFO | device=cuda
2026-03-03 07:48:45,561 | INFO | baseline unigram_ppl=755.5196 bigram_ppl=596.7066
2026-03-03 07:48:47,939 | INFO | attempt=1 step=1 d_model=128 layers=2 train_loss=10.0888 val_loss=10.0035 val_ppl=22104.2198
2026-03-03 07:48:48,814 | INFO | attempt=1 step=20 d_model=128 layers=2 train_loss=8.9533 val_loss=8.7967 val_ppl=6612.6062
2026-03-03 07:48:49,701 | INFO | attempt=1 step=40 d_model=128 layers=2 train_loss=8.0610 val_loss=7.9354 val_ppl=2794.4020
2026-03-03 07:48:50,593 | INFO | attempt=1 step=60 d_model=128 layers=2 train_loss=7.3435 val_loss=7.3236 val_ppl=1515.6539
2026-03-03 07:48:51,484 | INFO | attempt=1 step=80 d_model=128 layers=2 train_loss=7.0515 val_loss=6.9573 val_ppl=1050.7581
2026-03-03 07:48:52,368 | INFO | attempt=1 step=100 d_model=128 layers=2 train_loss=6.8283 val_loss=6.8234 val_ppl=919.1465
2026-03-03 07:48:53,254 | INFO | attempt=1 step=120 d_model=128 layers=2 train_loss=6.7364 val_loss=6.7850 val_ppl=884.4519
2026-03-03 07:48:53,330 | INFO | attempt_done attempt=1 steps=120 d_model=128 layers=2 val_ppl=884.4519
2026-03-03 07:48:54,182 | INFO | attempt=2 step=1 d_model=192 layers=3 train_loss=10.0732 val_loss=9.8839 val_ppl=19611.8258
2026-03-03 07:48:55,328 | INFO | attempt=2 step=20 d_model=192 layers=3 train_loss=8.4217 val_loss=8.2261 val_ppl=3737.2464
2026-03-03 07:48:56,480 | INFO | attempt=2 step=40 d_model=192 layers=3 train_loss=7.4122 val_loss=7.3034 val_ppl=1485.3423
2026-03-03 07:48:57,636 | INFO | attempt=2 step=60 d_model=192 layers=3 train_loss=6.8025 val_loss=6.8907 val_ppl=983.0575
2026-03-03 07:48:58,803 | INFO | attempt=2 step=80 d_model=192 layers=3 train_loss=6.8826 val_loss=6.8393 val_ppl=933.8783
2026-03-03 07:48:59,956 | INFO | attempt=2 step=100 d_model=192 layers=3 train_loss=6.7404 val_loss=6.8002 val_ppl=897.9908
2026-03-03 07:49:01,123 | INFO | attempt=2 step=120 d_model=192 layers=3 train_loss=6.6671 val_loss=6.7614 val_ppl=863.8779
2026-03-03 07:49:02,290 | INFO | attempt=2 step=140 d_model=192 layers=3 train_loss=6.6552 val_loss=6.6973 val_ppl=810.2499
2026-03-03 07:49:03,454 | INFO | attempt=2 step=160 d_model=192 layers=3 train_loss=6.8877 val_loss=6.6424 val_ppl=766.9153
2026-03-03 07:49:04,610 | INFO | attempt=2 step=180 d_model=192 layers=3 train_loss=6.6422 val_loss=6.5931 val_ppl=730.0470
2026-03-03 07:49:05,789 | INFO | attempt=2 step=200 d_model=192 layers=3 train_loss=6.4003 val_loss=6.5616 val_ppl=707.3732
2026-03-03 07:49:06,948 | INFO | attempt=2 step=220 d_model=192 layers=3 train_loss=6.5050 val_loss=6.5394 val_ppl=691.8850
2026-03-03 07:49:08,104 | INFO | attempt=2 step=240 d_model=192 layers=3 train_loss=6.5022 val_loss=6.5026 val_ppl=666.8958
2026-03-03 07:49:08,110 | INFO | attempt_done attempt=2 steps=240 d_model=192 layers=3 val_ppl=666.8958
2026-03-03 07:49:09,161 | INFO | attempt=3 step=1 d_model=256 layers=4 train_loss=10.1026 val_loss=9.7206 val_ppl=16657.9336
2026-03-03 07:49:10,650 | INFO | attempt=3 step=20 d_model=256 layers=4 train_loss=8.0169 val_loss=7.8507 val_ppl=2567.6443
2026-03-03 07:49:12,080 | INFO | attempt=3 step=40 d_model=256 layers=4 train_loss=6.9828 val_loss=6.9812 val_ppl=1076.1575
2026-03-03 07:49:13,525 | INFO | attempt=3 step=60 d_model=256 layers=4 train_loss=6.7141 val_loss=6.8704 val_ppl=963.3348
2026-03-03 07:49:14,965 | INFO | attempt=3 step=80 d_model=256 layers=4 train_loss=6.8395 val_loss=6.8587 val_ppl=952.0989
2026-03-03 07:49:16,423 | INFO | attempt=3 step=100 d_model=256 layers=4 train_loss=6.7212 val_loss=6.7867 val_ppl=886.0054
2026-03-03 07:49:17,876 | INFO | attempt=3 step=120 d_model=256 layers=4 train_loss=6.6012 val_loss=6.7070 val_ppl=818.1240
2026-03-03 07:49:19,321 | INFO | attempt=3 step=140 d_model=256 layers=4 train_loss=6.5566 val_loss=6.6339 val_ppl=760.4439
2026-03-03 07:49:20,762 | INFO | attempt=3 step=160 d_model=256 layers=4 train_loss=6.8602 val_loss=6.5854 val_ppl=724.4631
2026-03-03 07:49:22,232 | INFO | attempt=3 step=180 d_model=256 layers=4 train_loss=6.5338 val_loss=6.5339 val_ppl=688.0555
2026-03-03 07:49:23,678 | INFO | attempt=3 step=200 d_model=256 layers=4 train_loss=6.3448 val_loss=6.4976 val_ppl=663.5435
2026-03-03 07:49:25,125 | INFO | attempt=3 step=220 d_model=256 layers=4 train_loss=6.3832 val_loss=6.4751 val_ppl=648.8082
2026-03-03 07:49:26,578 | INFO | attempt=3 step=240 d_model=256 layers=4 train_loss=6.4365 val_loss=6.4461 val_ppl=630.2184
2026-03-03 07:49:28,028 | INFO | attempt=3 step=260 d_model=256 layers=4 train_loss=6.4672 val_loss=6.4115 val_ppl=608.8297
2026-03-03 07:49:29,482 | INFO | attempt=3 step=280 d_model=256 layers=4 train_loss=6.5926 val_loss=6.3965 val_ppl=599.7580
2026-03-03 07:49:30,927 | INFO | attempt=3 step=300 d_model=256 layers=4 train_loss=6.4068 val_loss=6.3818 val_ppl=590.9757
2026-03-03 07:49:32,385 | INFO | attempt=3 step=320 d_model=256 layers=4 train_loss=6.1778 val_loss=6.3664 val_ppl=581.9807
2026-03-03 07:49:33,834 | INFO | attempt=3 step=340 d_model=256 layers=4 train_loss=6.1302 val_loss=6.3447 val_ppl=569.4581
2026-03-03 07:49:35,270 | INFO | attempt=3 step=360 d_model=256 layers=4 train_loss=6.2071 val_loss=6.3221 val_ppl=556.7429
2026-03-03 07:49:36,711 | INFO | attempt=3 step=380 d_model=256 layers=4 train_loss=6.4154 val_loss=6.3012 val_ppl=545.2159
2026-03-03 07:49:38,165 | INFO | attempt=3 step=400 d_model=256 layers=4 train_loss=6.2678 val_loss=6.2786 val_ppl=533.0291
2026-03-03 07:49:39,616 | INFO | attempt=3 step=420 d_model=256 layers=4 train_loss=6.4280 val_loss=6.2576 val_ppl=521.9833
2026-03-03 07:49:41,053 | INFO | attempt=3 step=440 d_model=256 layers=4 train_loss=6.2862 val_loss=6.2387 val_ppl=512.1961
2026-03-03 07:49:42,510 | INFO | attempt=3 step=460 d_model=256 layers=4 train_loss=6.3526 val_loss=6.2346 val_ppl=510.1004
2026-03-03 07:49:43,955 | INFO | attempt=3 step=480 d_model=256 layers=4 train_loss=6.5936 val_loss=6.2145 val_ppl=499.9623
2026-03-03 07:49:43,961 | INFO | attempt_done attempt=3 steps=480 d_model=256 layers=4 val_ppl=499.9623
2026-03-03 07:49:43,963 | INFO | target_achieved attempt=3 val_ppl=499.9623 baseline=596.7066
2026-03-03 07:49:44,190 | INFO | experiment_done best_attempt=3 final_val_ppl=499.9623 baseline=596.7066 target_achieved=True
