2026-03-03 02:54:28,636 | ERROR | main | 실험 실행 실패: unterminated string literal (detected at line 60) (experiment.py, line 60)
Traceback (most recent call last):
  File "/home/smile/work/a_CKM_mo/python39/논문정리/ai_research_portfolio/main.py", line 125, in main
    run_experiment = load_experiment_runner(exp_file)
                     ^^^^^^^^^^^^^^^^^^^^^^^^^^^^^^^^
  File "/home/smile/work/a_CKM_mo/python39/논문정리/ai_research_portfolio/main.py", line 32, in load_experiment_runner
    spec.loader.exec_module(module)
  File "<frozen importlib._bootstrap_external>", line 936, in exec_module
  File "<frozen importlib._bootstrap_external>", line 1074, in get_code
  File "<frozen importlib._bootstrap_external>", line 1004, in source_to_code
  File "<frozen importlib._bootstrap>", line 241, in _call_with_frames_removed
  File "/home/smile/work/a_CKM_mo/python39/논문정리/ai_research_portfolio/papers/Transformer_Paper_Repro/experiment.py", line 60
    "
    ^
SyntaxError: unterminated string literal (detected at line 60)
2026-03-03 02:54:55,641 | INFO | experiment.Transformer Paper Repro | experiment_start paper=Transformer Paper Repro seed=42 iterations=120
2026-03-03 02:54:55,796 | INFO | experiment.Transformer Paper Repro | experiment_done score=0.910039 result=/home/smile/work/a_CKM_mo/python39/논문정리/ai_research_portfolio/papers/Transformer_Paper_Repro/results/result_20260303_025455.txt fig=/home/smile/work/a_CKM_mo/python39/논문정리/ai_research_portfolio/papers/Transformer_Paper_Repro/results/metric_curve_20260303_025455.png
2026-03-03 02:54:56,413 | INFO | main | [git] commit failed: fatal: Unable to create '/home/smile/work/a_CKM_mo/.git/index.lock': Permission denied
2026-03-03 03:58:33,014 | INFO | numexpr.utils | Note: NumExpr detected 48 cores but "NUMEXPR_MAX_THREADS" not set, so enforcing safe limit of 8.
2026-03-03 03:58:33,014 | INFO | numexpr.utils | NumExpr defaulting to 8 threads.
2026-03-03 03:58:33,643 | ERROR | main | 실험 실행 실패: 'NoneType' object has no attribute '__dict__'
Traceback (most recent call last):
  File "/home/smile/work/a_CKM_mo/python39/논문정리/ai_research_portfolio/main.py", line 123, in main
    run_experiment = load_experiment_runner(exp_file)
                     ^^^^^^^^^^^^^^^^^^^^^^^^^^^^^^^^
  File "/home/smile/work/a_CKM_mo/python39/논문정리/ai_research_portfolio/main.py", line 32, in load_experiment_runner
    spec.loader.exec_module(module)
  File "<frozen importlib._bootstrap_external>", line 940, in exec_module
  File "<frozen importlib._bootstrap>", line 241, in _call_with_frames_removed
  File "/home/smile/work/a_CKM_mo/python39/논문정리/ai_research_portfolio/papers/Attention_Is_All_You_Need/experiment.py", line 20, in <module>
    @dataclass(slots=True)
     ^^^^^^^^^^^^^^^^^^^^^
  File "/opt/conda/lib/python3.11/dataclasses.py", line 1220, in wrap
    return _process_class(cls, init, repr, eq, order, unsafe_hash,
           ^^^^^^^^^^^^^^^^^^^^^^^^^^^^^^^^^^^^^^^^^^^^^^^^^^^^^^^
  File "/opt/conda/lib/python3.11/dataclasses.py", line 947, in _process_class
    and _is_type(type, cls, dataclasses, dataclasses.KW_ONLY,
        ^^^^^^^^^^^^^^^^^^^^^^^^^^^^^^^^^^^^^^^^^^^^^^^^^^^^^
  File "/opt/conda/lib/python3.11/dataclasses.py", line 712, in _is_type
    ns = sys.modules.get(cls.__module__).__dict__
         ^^^^^^^^^^^^^^^^^^^^^^^^^^^^^^^^^^^^^^^^
AttributeError: 'NoneType' object has no attribute '__dict__'
2026-03-03 03:58:46,126 | INFO | numexpr.utils | Note: NumExpr detected 48 cores but "NUMEXPR_MAX_THREADS" not set, so enforcing safe limit of 8.
2026-03-03 03:58:46,127 | INFO | numexpr.utils | NumExpr defaulting to 8 threads.
2026-03-03 03:58:46,656 | INFO | experiment.Attention Is All You Need | experiment_start paper=Attention Is All You Need seed=42 iterations=120
2026-03-03 03:58:46,659 | INFO | experiment.Attention Is All You Need | device=cpu
2026-03-03 03:58:46,686 | WARNING | huggingface_hub.utils._http | '[Errno -3] Temporary failure in name resolution' thrown while requesting HEAD https://huggingface.co/datasets/wikitext/resolve/main/README.md
2026-03-03 03:58:46,686 | WARNING | huggingface_hub.utils._http | Retrying in 1s [Retry 1/5].
2026-03-03 03:58:47,688 | ERROR | main | 실험 실행 실패: Cannot send a request, as the client has been closed.
Traceback (most recent call last):
  File "/home/smile/work/a_CKM_mo/python39/논문정리/ai_research_portfolio/main.py", line 127, in main
    out = run_experiment(title, pdir, seed=42, iterations=iterations)
          ^^^^^^^^^^^^^^^^^^^^^^^^^^^^^^^^^^^^^^^^^^^^^^^^^^^^^^^^^^^
  File "/home/smile/work/a_CKM_mo/python39/논문정리/ai_research_portfolio/papers/Attention_Is_All_You_Need/experiment.py", line 148, in run_experiment
    ds_train = load_dataset("wikitext", "wikitext-2-raw-v1", split="train")
               ^^^^^^^^^^^^^^^^^^^^^^^^^^^^^^^^^^^^^^^^^^^^^^^^^^^^^^^^^^^^
  File "/opt/conda/lib/python3.11/site-packages/datasets/load.py", line 1485, in load_dataset
    builder_instance = load_dataset_builder(
                       ^^^^^^^^^^^^^^^^^^^^^
  File "/opt/conda/lib/python3.11/site-packages/datasets/load.py", line 1130, in load_dataset_builder
    dataset_module = dataset_module_factory(
                     ^^^^^^^^^^^^^^^^^^^^^^^
  File "/opt/conda/lib/python3.11/site-packages/datasets/load.py", line 1029, in dataset_module_factory
    raise e1 from None
  File "/opt/conda/lib/python3.11/site-packages/datasets/load.py", line 936, in dataset_module_factory
    dataset_readme_path = api.hf_hub_download(
                          ^^^^^^^^^^^^^^^^^^^^
  File "/opt/conda/lib/python3.11/site-packages/huggingface_hub/utils/_validators.py", line 89, in _inner_fn
    return fn(*args, **kwargs)
           ^^^^^^^^^^^^^^^^^^^
  File "/opt/conda/lib/python3.11/site-packages/huggingface_hub/hf_api.py", line 5673, in hf_hub_download
    return hf_hub_download(
           ^^^^^^^^^^^^^^^^
  File "/opt/conda/lib/python3.11/site-packages/huggingface_hub/utils/_validators.py", line 89, in _inner_fn
    return fn(*args, **kwargs)
           ^^^^^^^^^^^^^^^^^^^
  File "/opt/conda/lib/python3.11/site-packages/huggingface_hub/file_download.py", line 982, in hf_hub_download
    return _hf_hub_download_to_cache_dir(
           ^^^^^^^^^^^^^^^^^^^^^^^^^^^^^^
  File "/opt/conda/lib/python3.11/site-packages/huggingface_hub/file_download.py", line 1115, in _hf_hub_download_to_cache_dir
    _get_metadata_or_catch_error(
  File "/opt/conda/lib/python3.11/site-packages/huggingface_hub/file_download.py", line 1649, in _get_metadata_or_catch_error
    metadata = get_hf_file_metadata(
               ^^^^^^^^^^^^^^^^^^^^^
  File "/opt/conda/lib/python3.11/site-packages/huggingface_hub/utils/_validators.py", line 89, in _inner_fn
    return fn(*args, **kwargs)
           ^^^^^^^^^^^^^^^^^^^
  File "/opt/conda/lib/python3.11/site-packages/huggingface_hub/file_download.py", line 1572, in get_hf_file_metadata
    response = _httpx_follow_relative_redirects_with_backoff(
               ^^^^^^^^^^^^^^^^^^^^^^^^^^^^^^^^^^^^^^^^^^^^^^
  File "/opt/conda/lib/python3.11/site-packages/huggingface_hub/utils/_http.py", line 644, in _httpx_follow_relative_redirects_with_backoff
    response = http_backoff(
               ^^^^^^^^^^^^^
  File "/opt/conda/lib/python3.11/site-packages/huggingface_hub/utils/_http.py", line 518, in http_backoff
    return next(
           ^^^^^
  File "/opt/conda/lib/python3.11/site-packages/huggingface_hub/utils/_http.py", line 426, in _http_backoff_base
    response = client.request(method=method, url=url, **kwargs)
               ^^^^^^^^^^^^^^^^^^^^^^^^^^^^^^^^^^^^^^^^^^^^^^^^
  File "/opt/conda/lib/python3.11/site-packages/httpx/_client.py", line 825, in request
    return self.send(request, auth=auth, follow_redirects=follow_redirects)
           ^^^^^^^^^^^^^^^^^^^^^^^^^^^^^^^^^^^^^^^^^^^^^^^^^^^^^^^^^^^^^^^^
  File "/opt/conda/lib/python3.11/site-packages/httpx/_client.py", line 901, in send
    raise RuntimeError("Cannot send a request, as the client has been closed.")
RuntimeError: Cannot send a request, as the client has been closed.
2026-03-03 04:00:09,240 | INFO | numexpr.utils | Note: NumExpr detected 48 cores but "NUMEXPR_MAX_THREADS" not set, so enforcing safe limit of 8.
2026-03-03 04:00:09,240 | INFO | numexpr.utils | NumExpr defaulting to 8 threads.
2026-03-03 04:00:09,702 | INFO | experiment.Attention Is All You Need | experiment_start paper=Attention Is All You Need seed=42 iterations=120
2026-03-03 04:00:09,714 | INFO | experiment.Attention Is All You Need | device=cuda
2026-03-03 04:00:09,988 | INFO | httpx | HTTP Request: HEAD https://huggingface.co/datasets/wikitext/resolve/main/README.md "HTTP/1.1 307 Temporary Redirect"
2026-03-03 04:00:10,188 | INFO | httpx | HTTP Request: HEAD https://huggingface.co/datasets/Salesforce/wikitext/resolve/main/README.md "HTTP/1.1 307 Temporary Redirect"
2026-03-03 04:00:10,197 | INFO | httpx | HTTP Request: HEAD https://huggingface.co/api/resolve-cache/datasets/Salesforce/wikitext/b08601e04326c79dfdd32d625aee71d232d685c3/README.md "HTTP/1.1 200 OK"
2026-03-03 04:00:10,209 | INFO | httpx | HTTP Request: GET https://huggingface.co/api/resolve-cache/datasets/Salesforce/wikitext/b08601e04326c79dfdd32d625aee71d232d685c3/README.md "HTTP/1.1 200 OK"
2026-03-03 04:00:10,771 | INFO | httpx | HTTP Request: HEAD https://huggingface.co/datasets/wikitext/resolve/b08601e04326c79dfdd32d625aee71d232d685c3/wikitext.py "HTTP/1.1 307 Temporary Redirect"
2026-03-03 04:00:10,974 | INFO | httpx | HTTP Request: HEAD https://huggingface.co/datasets/Salesforce/wikitext/resolve/b08601e04326c79dfdd32d625aee71d232d685c3/wikitext.py "HTTP/1.1 404 Not Found"
2026-03-03 04:00:11,878 | INFO | httpx | HTTP Request: HEAD https://s3.amazonaws.com/datasets.huggingface.co/datasets/datasets/wikitext/wikitext.py "HTTP/1.1 200 OK"
2026-03-03 04:00:12,102 | INFO | httpx | HTTP Request: GET https://huggingface.co/api/datasets/wikitext/revision/b08601e04326c79dfdd32d625aee71d232d685c3 "HTTP/1.1 307 Temporary Redirect"
2026-03-03 04:00:12,310 | INFO | httpx | HTTP Request: GET https://huggingface.co/api/datasets/Salesforce/wikitext/revision/b08601e04326c79dfdd32d625aee71d232d685c3 "HTTP/1.1 200 OK"
2026-03-03 04:00:12,513 | INFO | httpx | HTTP Request: HEAD https://huggingface.co/datasets/wikitext/resolve/b08601e04326c79dfdd32d625aee71d232d685c3/.huggingface.yaml "HTTP/1.1 307 Temporary Redirect"
2026-03-03 04:00:12,713 | INFO | httpx | HTTP Request: HEAD https://huggingface.co/datasets/Salesforce/wikitext/resolve/b08601e04326c79dfdd32d625aee71d232d685c3/.huggingface.yaml "HTTP/1.1 404 Not Found"
2026-03-03 04:00:12,994 | INFO | httpx | HTTP Request: GET https://datasets-server.huggingface.co/info?dataset=wikitext "HTTP/1.1 404 Not Found"
2026-03-03 04:00:13,199 | INFO | httpx | HTTP Request: GET https://huggingface.co/api/datasets/wikitext/tree/b08601e04326c79dfdd32d625aee71d232d685c3/wikitext-103-raw-v1?recursive=true&expand=false "HTTP/1.1 307 Temporary Redirect"
2026-03-03 04:00:13,409 | INFO | httpx | HTTP Request: GET https://huggingface.co/api/datasets/Salesforce/wikitext/tree/b08601e04326c79dfdd32d625aee71d232d685c3/wikitext-103-raw-v1?recursive=true&expand=false "HTTP/1.1 200 OK"
2026-03-03 04:00:13,614 | INFO | httpx | HTTP Request: GET https://huggingface.co/api/datasets/wikitext/tree/b08601e04326c79dfdd32d625aee71d232d685c3?recursive=false&expand=false "HTTP/1.1 307 Temporary Redirect"
2026-03-03 04:00:13,811 | INFO | httpx | HTTP Request: GET https://huggingface.co/api/datasets/Salesforce/wikitext/tree/b08601e04326c79dfdd32d625aee71d232d685c3?recursive=false&expand=false "HTTP/1.1 200 OK"
2026-03-03 04:00:14,022 | INFO | httpx | HTTP Request: HEAD https://huggingface.co/datasets/wikitext/resolve/b08601e04326c79dfdd32d625aee71d232d685c3/dataset_infos.json "HTTP/1.1 307 Temporary Redirect"
2026-03-03 04:00:14,227 | INFO | httpx | HTTP Request: HEAD https://huggingface.co/datasets/Salesforce/wikitext/resolve/b08601e04326c79dfdd32d625aee71d232d685c3/dataset_infos.json "HTTP/1.1 404 Not Found"
2026-03-03 04:00:14,227 | WARNING | huggingface_hub.utils._http | Warning: You are sending unauthenticated requests to the HF Hub. Please set a HF_TOKEN to enable higher rate limits and faster downloads.
2026-03-03 04:00:14,435 | INFO | httpx | HTTP Request: GET https://huggingface.co/api/datasets/wikitext/tree/b08601e04326c79dfdd32d625aee71d232d685c3/wikitext-2-raw-v1?recursive=true&expand=false "HTTP/1.1 307 Temporary Redirect"
2026-03-03 04:00:14,643 | INFO | httpx | HTTP Request: GET https://huggingface.co/api/datasets/Salesforce/wikitext/tree/b08601e04326c79dfdd32d625aee71d232d685c3/wikitext-2-raw-v1?recursive=true&expand=false "HTTP/1.1 200 OK"
2026-03-03 04:00:15,010 | INFO | httpx | HTTP Request: HEAD https://huggingface.co/datasets/wikitext/resolve/b08601e04326c79dfdd32d625aee71d232d685c3/wikitext-2-raw-v1/test-00000-of-00001.parquet "HTTP/1.1 307 Temporary Redirect"
2026-03-03 04:00:15,213 | INFO | httpx | HTTP Request: HEAD https://huggingface.co/datasets/Salesforce/wikitext/resolve/b08601e04326c79dfdd32d625aee71d232d685c3/wikitext-2-raw-v1/test-00000-of-00001.parquet "HTTP/1.1 302 Found"
2026-03-03 04:00:15,427 | INFO | httpx | HTTP Request: GET https://huggingface.co/api/datasets/Salesforce/wikitext/xet-read-token/b08601e04326c79dfdd32d625aee71d232d685c3 "HTTP/1.1 200 OK"
2026-03-03 04:00:16,879 | INFO | httpx | HTTP Request: HEAD https://huggingface.co/datasets/wikitext/resolve/b08601e04326c79dfdd32d625aee71d232d685c3/wikitext-2-raw-v1/train-00000-of-00001.parquet "HTTP/1.1 307 Temporary Redirect"
2026-03-03 04:00:17,093 | INFO | httpx | HTTP Request: HEAD https://huggingface.co/datasets/Salesforce/wikitext/resolve/b08601e04326c79dfdd32d625aee71d232d685c3/wikitext-2-raw-v1/train-00000-of-00001.parquet "HTTP/1.1 302 Found"
2026-03-03 04:00:18,700 | INFO | httpx | HTTP Request: HEAD https://huggingface.co/datasets/wikitext/resolve/b08601e04326c79dfdd32d625aee71d232d685c3/wikitext-2-raw-v1/validation-00000-of-00001.parquet "HTTP/1.1 307 Temporary Redirect"
2026-03-03 04:00:18,909 | INFO | httpx | HTTP Request: HEAD https://huggingface.co/datasets/Salesforce/wikitext/resolve/b08601e04326c79dfdd32d625aee71d232d685c3/wikitext-2-raw-v1/validation-00000-of-00001.parquet "HTTP/1.1 302 Found"
2026-03-03 04:00:19,664 | INFO | httpx | HTTP Request: HEAD https://huggingface.co/datasets/wikitext/resolve/main/README.md "HTTP/1.1 307 Temporary Redirect"
2026-03-03 04:00:19,866 | INFO | httpx | HTTP Request: HEAD https://huggingface.co/datasets/Salesforce/wikitext/resolve/main/README.md "HTTP/1.1 307 Temporary Redirect"
2026-03-03 04:00:19,877 | INFO | httpx | HTTP Request: HEAD https://huggingface.co/api/resolve-cache/datasets/Salesforce/wikitext/b08601e04326c79dfdd32d625aee71d232d685c3/README.md "HTTP/1.1 200 OK"
2026-03-03 04:00:20,078 | INFO | httpx | HTTP Request: HEAD https://huggingface.co/datasets/wikitext/resolve/b08601e04326c79dfdd32d625aee71d232d685c3/wikitext.py "HTTP/1.1 307 Temporary Redirect"
2026-03-03 04:00:20,277 | INFO | httpx | HTTP Request: HEAD https://huggingface.co/datasets/Salesforce/wikitext/resolve/b08601e04326c79dfdd32d625aee71d232d685c3/wikitext.py "HTTP/1.1 404 Not Found"
2026-03-03 04:00:20,962 | INFO | httpx | HTTP Request: HEAD https://s3.amazonaws.com/datasets.huggingface.co/datasets/datasets/wikitext/wikitext.py "HTTP/1.1 200 OK"
2026-03-03 04:00:21,207 | INFO | httpx | HTTP Request: HEAD https://huggingface.co/datasets/wikitext/resolve/b08601e04326c79dfdd32d625aee71d232d685c3/.huggingface.yaml "HTTP/1.1 307 Temporary Redirect"
2026-03-03 04:00:21,413 | INFO | httpx | HTTP Request: HEAD https://huggingface.co/datasets/Salesforce/wikitext/resolve/b08601e04326c79dfdd32d625aee71d232d685c3/.huggingface.yaml "HTTP/1.1 404 Not Found"
2026-03-03 04:00:21,703 | INFO | httpx | HTTP Request: GET https://datasets-server.huggingface.co/info?dataset=wikitext "HTTP/1.1 404 Not Found"
2026-03-03 04:00:21,910 | INFO | httpx | HTTP Request: HEAD https://huggingface.co/datasets/wikitext/resolve/b08601e04326c79dfdd32d625aee71d232d685c3/dataset_infos.json "HTTP/1.1 307 Temporary Redirect"
2026-03-03 04:00:22,113 | INFO | httpx | HTTP Request: HEAD https://huggingface.co/datasets/Salesforce/wikitext/resolve/b08601e04326c79dfdd32d625aee71d232d685c3/dataset_infos.json "HTTP/1.1 404 Not Found"
2026-03-03 04:00:26,826 | INFO | experiment.Attention Is All You Need | step=1 train_loss=10.0677 val_loss=10.0153 val_ppl=22365.9070
2026-03-03 04:00:28,609 | INFO | experiment.Attention Is All You Need | step=20 train_loss=9.1093 val_loss=9.0216 val_ppl=8280.1794
2026-03-03 04:00:30,411 | INFO | experiment.Attention Is All You Need | step=40 train_loss=8.1625 val_loss=8.0815 val_ppl=3234.0632
2026-03-03 04:00:31,497 | INFO | experiment.Attention Is All You Need | step=60 train_loss=7.4825 val_loss=7.4252 val_ppl=1677.6830
2026-03-03 04:00:32,934 | INFO | experiment.Attention Is All You Need | step=80 train_loss=7.1308 val_loss=6.9951 val_ppl=1091.2905
2026-03-03 04:00:34,332 | INFO | experiment.Attention Is All You Need | step=100 train_loss=6.8207 val_loss=6.8301 val_ppl=925.2981
2026-03-03 04:00:35,733 | INFO | experiment.Attention Is All You Need | step=120 train_loss=6.7588 val_loss=6.7951 val_ppl=893.4866
2026-03-03 04:00:35,894 | INFO | experiment.Attention Is All You Need | experiment_done final_val_ppl=893.4866259158812 score=0.001118
2026-03-03 04:01:05,305 | INFO | main | [git] commit failed: Author identity unknown

*** Please tell me who you are.

Run

  git config --global user.email "you@example.com"
  git config --global user.name "Your Name"

to set your account's default identity.
Omit --global to set the identity only in this repository.

fatal: unable to auto-detect email address (got 'smile@1ffb959107ba.(none)')
2026-03-03 07:27:06,880 | INFO | numexpr.utils | Note: NumExpr detected 48 cores but "NUMEXPR_MAX_THREADS" not set, so enforcing safe limit of 8.
2026-03-03 07:27:06,880 | INFO | numexpr.utils | NumExpr defaulting to 8 threads.
2026-03-03 07:27:07,388 | INFO | experiment.Attention Is All You Need | experiment_start paper=Attention Is All You Need seed=42 iterations=80
2026-03-03 07:27:07,401 | INFO | experiment.Attention Is All You Need | device=cuda
2026-03-03 07:27:07,644 | INFO | httpx | HTTP Request: HEAD https://huggingface.co/datasets/wikitext/resolve/main/README.md "HTTP/1.1 307 Temporary Redirect"
2026-03-03 07:27:07,851 | INFO | httpx | HTTP Request: HEAD https://huggingface.co/datasets/Salesforce/wikitext/resolve/main/README.md "HTTP/1.1 307 Temporary Redirect"
2026-03-03 07:27:07,865 | INFO | httpx | HTTP Request: HEAD https://huggingface.co/api/resolve-cache/datasets/Salesforce/wikitext/b08601e04326c79dfdd32d625aee71d232d685c3/README.md "HTTP/1.1 200 OK"
2026-03-03 07:27:08,079 | INFO | httpx | HTTP Request: HEAD https://huggingface.co/datasets/wikitext/resolve/b08601e04326c79dfdd32d625aee71d232d685c3/wikitext.py "HTTP/1.1 307 Temporary Redirect"
2026-03-03 07:27:08,285 | INFO | httpx | HTTP Request: HEAD https://huggingface.co/datasets/Salesforce/wikitext/resolve/b08601e04326c79dfdd32d625aee71d232d685c3/wikitext.py "HTTP/1.1 404 Not Found"
2026-03-03 07:27:08,285 | WARNING | huggingface_hub.utils._http | Warning: You are sending unauthenticated requests to the HF Hub. Please set a HF_TOKEN to enable higher rate limits and faster downloads.
2026-03-03 07:27:08,955 | INFO | httpx | HTTP Request: HEAD https://s3.amazonaws.com/datasets.huggingface.co/datasets/datasets/wikitext/wikitext.py "HTTP/1.1 200 OK"
2026-03-03 07:27:09,186 | INFO | httpx | HTTP Request: GET https://huggingface.co/api/datasets/wikitext/revision/b08601e04326c79dfdd32d625aee71d232d685c3 "HTTP/1.1 307 Temporary Redirect"
2026-03-03 07:27:09,440 | INFO | httpx | HTTP Request: GET https://huggingface.co/api/datasets/Salesforce/wikitext/revision/b08601e04326c79dfdd32d625aee71d232d685c3 "HTTP/1.1 200 OK"
2026-03-03 07:27:09,647 | INFO | httpx | HTTP Request: HEAD https://huggingface.co/datasets/wikitext/resolve/b08601e04326c79dfdd32d625aee71d232d685c3/.huggingface.yaml "HTTP/1.1 307 Temporary Redirect"
2026-03-03 07:27:09,862 | INFO | httpx | HTTP Request: HEAD https://huggingface.co/datasets/Salesforce/wikitext/resolve/b08601e04326c79dfdd32d625aee71d232d685c3/.huggingface.yaml "HTTP/1.1 404 Not Found"
2026-03-03 07:27:10,378 | INFO | httpx | HTTP Request: GET https://datasets-server.huggingface.co/info?dataset=wikitext "HTTP/1.1 404 Not Found"
2026-03-03 07:27:10,581 | INFO | httpx | HTTP Request: GET https://huggingface.co/api/datasets/wikitext/tree/b08601e04326c79dfdd32d625aee71d232d685c3/wikitext-103-raw-v1?recursive=true&expand=false "HTTP/1.1 307 Temporary Redirect"
2026-03-03 07:27:10,791 | INFO | httpx | HTTP Request: GET https://huggingface.co/api/datasets/Salesforce/wikitext/tree/b08601e04326c79dfdd32d625aee71d232d685c3/wikitext-103-raw-v1?recursive=true&expand=false "HTTP/1.1 200 OK"
2026-03-03 07:27:10,999 | INFO | httpx | HTTP Request: GET https://huggingface.co/api/datasets/wikitext/tree/b08601e04326c79dfdd32d625aee71d232d685c3?recursive=false&expand=false "HTTP/1.1 307 Temporary Redirect"
2026-03-03 07:27:11,195 | INFO | httpx | HTTP Request: GET https://huggingface.co/api/datasets/Salesforce/wikitext/tree/b08601e04326c79dfdd32d625aee71d232d685c3?recursive=false&expand=false "HTTP/1.1 200 OK"
2026-03-03 07:27:11,402 | INFO | httpx | HTTP Request: HEAD https://huggingface.co/datasets/wikitext/resolve/b08601e04326c79dfdd32d625aee71d232d685c3/dataset_infos.json "HTTP/1.1 307 Temporary Redirect"
2026-03-03 07:27:11,605 | INFO | httpx | HTTP Request: HEAD https://huggingface.co/datasets/Salesforce/wikitext/resolve/b08601e04326c79dfdd32d625aee71d232d685c3/dataset_infos.json "HTTP/1.1 404 Not Found"
2026-03-03 07:27:11,805 | INFO | httpx | HTTP Request: GET https://huggingface.co/api/datasets/wikitext/tree/b08601e04326c79dfdd32d625aee71d232d685c3/wikitext-2-raw-v1?recursive=true&expand=false "HTTP/1.1 307 Temporary Redirect"
2026-03-03 07:27:12,004 | INFO | httpx | HTTP Request: GET https://huggingface.co/api/datasets/Salesforce/wikitext/tree/b08601e04326c79dfdd32d625aee71d232d685c3/wikitext-2-raw-v1?recursive=true&expand=false "HTTP/1.1 200 OK"
2026-03-03 07:27:12,359 | INFO | httpx | HTTP Request: HEAD https://huggingface.co/datasets/wikitext/resolve/main/README.md "HTTP/1.1 307 Temporary Redirect"
2026-03-03 07:27:12,565 | INFO | httpx | HTTP Request: HEAD https://huggingface.co/datasets/Salesforce/wikitext/resolve/main/README.md "HTTP/1.1 307 Temporary Redirect"
2026-03-03 07:27:12,574 | INFO | httpx | HTTP Request: HEAD https://huggingface.co/api/resolve-cache/datasets/Salesforce/wikitext/b08601e04326c79dfdd32d625aee71d232d685c3/README.md "HTTP/1.1 200 OK"
2026-03-03 07:27:12,775 | INFO | httpx | HTTP Request: HEAD https://huggingface.co/datasets/wikitext/resolve/b08601e04326c79dfdd32d625aee71d232d685c3/wikitext.py "HTTP/1.1 307 Temporary Redirect"
2026-03-03 07:27:12,990 | INFO | httpx | HTTP Request: HEAD https://huggingface.co/datasets/Salesforce/wikitext/resolve/b08601e04326c79dfdd32d625aee71d232d685c3/wikitext.py "HTTP/1.1 404 Not Found"
2026-03-03 07:27:13,851 | INFO | httpx | HTTP Request: HEAD https://s3.amazonaws.com/datasets.huggingface.co/datasets/datasets/wikitext/wikitext.py "HTTP/1.1 200 OK"
2026-03-03 07:27:14,069 | INFO | httpx | HTTP Request: HEAD https://huggingface.co/datasets/wikitext/resolve/b08601e04326c79dfdd32d625aee71d232d685c3/.huggingface.yaml "HTTP/1.1 307 Temporary Redirect"
2026-03-03 07:27:14,293 | INFO | httpx | HTTP Request: HEAD https://huggingface.co/datasets/Salesforce/wikitext/resolve/b08601e04326c79dfdd32d625aee71d232d685c3/.huggingface.yaml "HTTP/1.1 404 Not Found"
2026-03-03 07:27:14,514 | INFO | httpx | HTTP Request: GET https://datasets-server.huggingface.co/info?dataset=wikitext "HTTP/1.1 404 Not Found"
2026-03-03 07:27:14,715 | INFO | httpx | HTTP Request: HEAD https://huggingface.co/datasets/wikitext/resolve/b08601e04326c79dfdd32d625aee71d232d685c3/dataset_infos.json "HTTP/1.1 307 Temporary Redirect"
2026-03-03 07:27:14,912 | INFO | httpx | HTTP Request: HEAD https://huggingface.co/datasets/Salesforce/wikitext/resolve/b08601e04326c79dfdd32d625aee71d232d685c3/dataset_infos.json "HTTP/1.1 404 Not Found"
2026-03-03 07:27:17,088 | INFO | experiment.Attention Is All You Need | baseline unigram_ppl=755.5196 bigram_ppl=596.7066
2026-03-03 07:27:19,426 | INFO | experiment.Attention Is All You Need | step=1 train_loss=10.0677 val_loss=10.0153 val_ppl=22365.9070
2026-03-03 07:27:20,290 | INFO | experiment.Attention Is All You Need | step=20 train_loss=9.1093 val_loss=9.0216 val_ppl=8280.1794
2026-03-03 07:27:21,170 | INFO | experiment.Attention Is All You Need | step=40 train_loss=8.1625 val_loss=8.0815 val_ppl=3234.0632
2026-03-03 07:27:22,074 | INFO | experiment.Attention Is All You Need | step=60 train_loss=7.4825 val_loss=7.4252 val_ppl=1677.6830
2026-03-03 07:27:22,943 | INFO | experiment.Attention Is All You Need | step=80 train_loss=7.1308 val_loss=6.9951 val_ppl=1091.2905
2026-03-03 07:27:23,088 | INFO | experiment.Attention Is All You Need | experiment_done final_val_ppl=1091.290455295115 score=0.000916
2026-03-03 07:27:25,756 | INFO | main | [git] commit and push completed
2026-03-03 07:42:53,583 | INFO | numexpr.utils | Note: NumExpr detected 48 cores but "NUMEXPR_MAX_THREADS" not set, so enforcing safe limit of 8.
2026-03-03 07:42:53,584 | INFO | numexpr.utils | NumExpr defaulting to 8 threads.
2026-03-03 07:42:54,070 | INFO | experiment.Attention Is All You Need | experiment_start paper=Attention Is All You Need seed=42 iterations=120
2026-03-03 07:42:54,083 | INFO | experiment.Attention Is All You Need | device=cuda
2026-03-03 07:42:54,318 | INFO | httpx | HTTP Request: HEAD https://huggingface.co/datasets/wikitext/resolve/main/README.md "HTTP/1.1 307 Temporary Redirect"
2026-03-03 07:42:54,589 | INFO | httpx | HTTP Request: HEAD https://huggingface.co/datasets/Salesforce/wikitext/resolve/main/README.md "HTTP/1.1 307 Temporary Redirect"
2026-03-03 07:42:54,600 | INFO | httpx | HTTP Request: HEAD https://huggingface.co/api/resolve-cache/datasets/Salesforce/wikitext/b08601e04326c79dfdd32d625aee71d232d685c3/README.md "HTTP/1.1 200 OK"
2026-03-03 07:42:54,803 | INFO | httpx | HTTP Request: HEAD https://huggingface.co/datasets/wikitext/resolve/b08601e04326c79dfdd32d625aee71d232d685c3/wikitext.py "HTTP/1.1 307 Temporary Redirect"
2026-03-03 07:42:55,005 | INFO | httpx | HTTP Request: HEAD https://huggingface.co/datasets/Salesforce/wikitext/resolve/b08601e04326c79dfdd32d625aee71d232d685c3/wikitext.py "HTTP/1.1 404 Not Found"
2026-03-03 07:42:55,645 | INFO | httpx | HTTP Request: HEAD https://s3.amazonaws.com/datasets.huggingface.co/datasets/datasets/wikitext/wikitext.py "HTTP/1.1 200 OK"
2026-03-03 07:42:55,877 | INFO | httpx | HTTP Request: GET https://huggingface.co/api/datasets/wikitext/revision/b08601e04326c79dfdd32d625aee71d232d685c3 "HTTP/1.1 307 Temporary Redirect"
2026-03-03 07:42:56,150 | INFO | httpx | HTTP Request: GET https://huggingface.co/api/datasets/Salesforce/wikitext/revision/b08601e04326c79dfdd32d625aee71d232d685c3 "HTTP/1.1 200 OK"
2026-03-03 07:42:56,357 | INFO | httpx | HTTP Request: HEAD https://huggingface.co/datasets/wikitext/resolve/b08601e04326c79dfdd32d625aee71d232d685c3/.huggingface.yaml "HTTP/1.1 307 Temporary Redirect"
2026-03-03 07:42:56,561 | INFO | httpx | HTTP Request: HEAD https://huggingface.co/datasets/Salesforce/wikitext/resolve/b08601e04326c79dfdd32d625aee71d232d685c3/.huggingface.yaml "HTTP/1.1 404 Not Found"
2026-03-03 07:42:56,800 | INFO | httpx | HTTP Request: GET https://datasets-server.huggingface.co/info?dataset=wikitext "HTTP/1.1 404 Not Found"
2026-03-03 07:42:57,002 | INFO | httpx | HTTP Request: GET https://huggingface.co/api/datasets/wikitext/tree/b08601e04326c79dfdd32d625aee71d232d685c3/wikitext-103-raw-v1?recursive=true&expand=false "HTTP/1.1 307 Temporary Redirect"
2026-03-03 07:42:57,207 | INFO | httpx | HTTP Request: GET https://huggingface.co/api/datasets/Salesforce/wikitext/tree/b08601e04326c79dfdd32d625aee71d232d685c3/wikitext-103-raw-v1?recursive=true&expand=false "HTTP/1.1 200 OK"
2026-03-03 07:42:57,413 | INFO | httpx | HTTP Request: GET https://huggingface.co/api/datasets/wikitext/tree/b08601e04326c79dfdd32d625aee71d232d685c3?recursive=false&expand=false "HTTP/1.1 307 Temporary Redirect"
2026-03-03 07:42:57,623 | INFO | httpx | HTTP Request: GET https://huggingface.co/api/datasets/Salesforce/wikitext/tree/b08601e04326c79dfdd32d625aee71d232d685c3?recursive=false&expand=false "HTTP/1.1 200 OK"
2026-03-03 07:42:57,830 | INFO | httpx | HTTP Request: HEAD https://huggingface.co/datasets/wikitext/resolve/b08601e04326c79dfdd32d625aee71d232d685c3/dataset_infos.json "HTTP/1.1 307 Temporary Redirect"
2026-03-03 07:42:58,030 | INFO | httpx | HTTP Request: HEAD https://huggingface.co/datasets/Salesforce/wikitext/resolve/b08601e04326c79dfdd32d625aee71d232d685c3/dataset_infos.json "HTTP/1.1 404 Not Found"
2026-03-03 07:42:58,237 | INFO | httpx | HTTP Request: GET https://huggingface.co/api/datasets/wikitext/tree/b08601e04326c79dfdd32d625aee71d232d685c3/wikitext-2-raw-v1?recursive=true&expand=false "HTTP/1.1 307 Temporary Redirect"
2026-03-03 07:42:58,451 | INFO | httpx | HTTP Request: GET https://huggingface.co/api/datasets/Salesforce/wikitext/tree/b08601e04326c79dfdd32d625aee71d232d685c3/wikitext-2-raw-v1?recursive=true&expand=false "HTTP/1.1 200 OK"
2026-03-03 07:42:58,755 | INFO | httpx | HTTP Request: HEAD https://huggingface.co/datasets/wikitext/resolve/main/README.md "HTTP/1.1 307 Temporary Redirect"
2026-03-03 07:42:58,951 | INFO | httpx | HTTP Request: HEAD https://huggingface.co/datasets/Salesforce/wikitext/resolve/main/README.md "HTTP/1.1 307 Temporary Redirect"
2026-03-03 07:42:58,952 | WARNING | huggingface_hub.utils._http | Warning: You are sending unauthenticated requests to the HF Hub. Please set a HF_TOKEN to enable higher rate limits and faster downloads.
2026-03-03 07:42:58,961 | INFO | httpx | HTTP Request: HEAD https://huggingface.co/api/resolve-cache/datasets/Salesforce/wikitext/b08601e04326c79dfdd32d625aee71d232d685c3/README.md "HTTP/1.1 200 OK"
2026-03-03 07:42:59,160 | INFO | httpx | HTTP Request: HEAD https://huggingface.co/datasets/wikitext/resolve/b08601e04326c79dfdd32d625aee71d232d685c3/wikitext.py "HTTP/1.1 307 Temporary Redirect"
2026-03-03 07:42:59,367 | INFO | httpx | HTTP Request: HEAD https://huggingface.co/datasets/Salesforce/wikitext/resolve/b08601e04326c79dfdd32d625aee71d232d685c3/wikitext.py "HTTP/1.1 404 Not Found"
2026-03-03 07:42:59,580 | INFO | httpx | HTTP Request: HEAD https://s3.amazonaws.com/datasets.huggingface.co/datasets/datasets/wikitext/wikitext.py "HTTP/1.1 200 OK"
2026-03-03 07:42:59,805 | INFO | httpx | HTTP Request: HEAD https://huggingface.co/datasets/wikitext/resolve/b08601e04326c79dfdd32d625aee71d232d685c3/.huggingface.yaml "HTTP/1.1 307 Temporary Redirect"
2026-03-03 07:43:00,020 | INFO | httpx | HTTP Request: HEAD https://huggingface.co/datasets/Salesforce/wikitext/resolve/b08601e04326c79dfdd32d625aee71d232d685c3/.huggingface.yaml "HTTP/1.1 404 Not Found"
2026-03-03 07:43:00,243 | INFO | httpx | HTTP Request: GET https://datasets-server.huggingface.co/info?dataset=wikitext "HTTP/1.1 404 Not Found"
2026-03-03 07:43:00,446 | INFO | httpx | HTTP Request: HEAD https://huggingface.co/datasets/wikitext/resolve/b08601e04326c79dfdd32d625aee71d232d685c3/dataset_infos.json "HTTP/1.1 307 Temporary Redirect"
2026-03-03 07:43:00,653 | INFO | httpx | HTTP Request: HEAD https://huggingface.co/datasets/Salesforce/wikitext/resolve/b08601e04326c79dfdd32d625aee71d232d685c3/dataset_infos.json "HTTP/1.1 404 Not Found"
2026-03-03 07:43:02,778 | INFO | experiment.Attention Is All You Need | baseline unigram_ppl=755.5196 bigram_ppl=596.7066
2026-03-03 07:43:05,177 | INFO | experiment.Attention Is All You Need | attempt=1 step=1 d_model=128 layers=2 train_loss=10.0888 val_loss=10.0035 val_ppl=22104.2198
2026-03-03 07:43:06,060 | INFO | experiment.Attention Is All You Need | attempt=1 step=20 d_model=128 layers=2 train_loss=8.9533 val_loss=8.7967 val_ppl=6612.6062
2026-03-03 07:43:06,941 | INFO | experiment.Attention Is All You Need | attempt=1 step=40 d_model=128 layers=2 train_loss=8.0610 val_loss=7.9354 val_ppl=2794.4020
2026-03-03 07:43:07,839 | INFO | experiment.Attention Is All You Need | attempt=1 step=60 d_model=128 layers=2 train_loss=7.3435 val_loss=7.3236 val_ppl=1515.6539
2026-03-03 07:43:08,723 | INFO | experiment.Attention Is All You Need | attempt=1 step=80 d_model=128 layers=2 train_loss=7.0515 val_loss=6.9573 val_ppl=1050.7581
2026-03-03 07:43:09,603 | INFO | experiment.Attention Is All You Need | attempt=1 step=100 d_model=128 layers=2 train_loss=6.8283 val_loss=6.8234 val_ppl=919.1465
2026-03-03 07:43:10,495 | INFO | experiment.Attention Is All You Need | attempt=1 step=120 d_model=128 layers=2 train_loss=6.7364 val_loss=6.7850 val_ppl=884.4519
2026-03-03 07:43:10,496 | INFO | experiment.Attention Is All You Need | attempt_done attempt=1 steps=120 d_model=128 layers=2 val_ppl=884.4519
2026-03-03 07:43:11,334 | INFO | experiment.Attention Is All You Need | attempt=2 step=1 d_model=192 layers=3 train_loss=10.0732 val_loss=9.8839 val_ppl=19611.8258
2026-03-03 07:43:12,463 | INFO | experiment.Attention Is All You Need | attempt=2 step=20 d_model=192 layers=3 train_loss=8.4217 val_loss=8.2261 val_ppl=3737.2464
2026-03-03 07:43:13,624 | INFO | experiment.Attention Is All You Need | attempt=2 step=40 d_model=192 layers=3 train_loss=7.4122 val_loss=7.3034 val_ppl=1485.3423
2026-03-03 07:43:14,782 | INFO | experiment.Attention Is All You Need | attempt=2 step=60 d_model=192 layers=3 train_loss=6.8025 val_loss=6.8907 val_ppl=983.0575
2026-03-03 07:43:15,935 | INFO | experiment.Attention Is All You Need | attempt=2 step=80 d_model=192 layers=3 train_loss=6.8826 val_loss=6.8393 val_ppl=933.8783
2026-03-03 07:43:17,089 | INFO | experiment.Attention Is All You Need | attempt=2 step=100 d_model=192 layers=3 train_loss=6.7404 val_loss=6.8002 val_ppl=897.9908
2026-03-03 07:43:18,263 | INFO | experiment.Attention Is All You Need | attempt=2 step=120 d_model=192 layers=3 train_loss=6.6671 val_loss=6.7614 val_ppl=863.8779
2026-03-03 07:43:19,429 | INFO | experiment.Attention Is All You Need | attempt=2 step=140 d_model=192 layers=3 train_loss=6.6552 val_loss=6.6973 val_ppl=810.2499
2026-03-03 07:43:20,589 | INFO | experiment.Attention Is All You Need | attempt=2 step=160 d_model=192 layers=3 train_loss=6.8877 val_loss=6.6424 val_ppl=766.9153
2026-03-03 07:43:21,756 | INFO | experiment.Attention Is All You Need | attempt=2 step=180 d_model=192 layers=3 train_loss=6.6422 val_loss=6.5931 val_ppl=730.0470
2026-03-03 07:43:22,915 | INFO | experiment.Attention Is All You Need | attempt=2 step=200 d_model=192 layers=3 train_loss=6.4003 val_loss=6.5616 val_ppl=707.3732
2026-03-03 07:43:24,067 | INFO | experiment.Attention Is All You Need | attempt=2 step=220 d_model=192 layers=3 train_loss=6.5050 val_loss=6.5394 val_ppl=691.8850
2026-03-03 07:43:25,224 | INFO | experiment.Attention Is All You Need | attempt=2 step=240 d_model=192 layers=3 train_loss=6.5022 val_loss=6.5026 val_ppl=666.8958
2026-03-03 07:43:25,225 | INFO | experiment.Attention Is All You Need | attempt_done attempt=2 steps=240 d_model=192 layers=3 val_ppl=666.8958
2026-03-03 07:43:26,262 | INFO | experiment.Attention Is All You Need | attempt=3 step=1 d_model=256 layers=4 train_loss=10.1026 val_loss=9.7206 val_ppl=16657.9336
2026-03-03 07:43:27,669 | INFO | experiment.Attention Is All You Need | attempt=3 step=20 d_model=256 layers=4 train_loss=8.0169 val_loss=7.8507 val_ppl=2567.6443
2026-03-03 07:43:29,104 | INFO | experiment.Attention Is All You Need | attempt=3 step=40 d_model=256 layers=4 train_loss=6.9828 val_loss=6.9812 val_ppl=1076.1575
2026-03-03 07:43:30,546 | INFO | experiment.Attention Is All You Need | attempt=3 step=60 d_model=256 layers=4 train_loss=6.7141 val_loss=6.8704 val_ppl=963.3348
2026-03-03 07:43:31,980 | INFO | experiment.Attention Is All You Need | attempt=3 step=80 d_model=256 layers=4 train_loss=6.8395 val_loss=6.8587 val_ppl=952.0989
2026-03-03 07:43:33,434 | INFO | experiment.Attention Is All You Need | attempt=3 step=100 d_model=256 layers=4 train_loss=6.7212 val_loss=6.7867 val_ppl=886.0054
2026-03-03 07:43:34,872 | INFO | experiment.Attention Is All You Need | attempt=3 step=120 d_model=256 layers=4 train_loss=6.6012 val_loss=6.7070 val_ppl=818.1240
2026-03-03 07:43:36,308 | INFO | experiment.Attention Is All You Need | attempt=3 step=140 d_model=256 layers=4 train_loss=6.5566 val_loss=6.6339 val_ppl=760.4439
2026-03-03 07:43:37,756 | INFO | experiment.Attention Is All You Need | attempt=3 step=160 d_model=256 layers=4 train_loss=6.8602 val_loss=6.5854 val_ppl=724.4631
2026-03-03 07:43:39,195 | INFO | experiment.Attention Is All You Need | attempt=3 step=180 d_model=256 layers=4 train_loss=6.5338 val_loss=6.5339 val_ppl=688.0555
2026-03-03 07:43:40,636 | INFO | experiment.Attention Is All You Need | attempt=3 step=200 d_model=256 layers=4 train_loss=6.3448 val_loss=6.4976 val_ppl=663.5435
2026-03-03 07:43:42,080 | INFO | experiment.Attention Is All You Need | attempt=3 step=220 d_model=256 layers=4 train_loss=6.3832 val_loss=6.4751 val_ppl=648.8082
2026-03-03 07:43:43,516 | INFO | experiment.Attention Is All You Need | attempt=3 step=240 d_model=256 layers=4 train_loss=6.4365 val_loss=6.4461 val_ppl=630.2184
2026-03-03 07:43:44,948 | INFO | experiment.Attention Is All You Need | attempt=3 step=260 d_model=256 layers=4 train_loss=6.4672 val_loss=6.4115 val_ppl=608.8297
2026-03-03 07:43:46,396 | INFO | experiment.Attention Is All You Need | attempt=3 step=280 d_model=256 layers=4 train_loss=6.5926 val_loss=6.3965 val_ppl=599.7580
2026-03-03 07:43:47,843 | INFO | experiment.Attention Is All You Need | attempt=3 step=300 d_model=256 layers=4 train_loss=6.4068 val_loss=6.3818 val_ppl=590.9757
2026-03-03 07:43:49,301 | INFO | experiment.Attention Is All You Need | attempt=3 step=320 d_model=256 layers=4 train_loss=6.1778 val_loss=6.3664 val_ppl=581.9807
2026-03-03 07:43:50,748 | INFO | experiment.Attention Is All You Need | attempt=3 step=340 d_model=256 layers=4 train_loss=6.1302 val_loss=6.3447 val_ppl=569.4581
2026-03-03 07:43:52,191 | INFO | experiment.Attention Is All You Need | attempt=3 step=360 d_model=256 layers=4 train_loss=6.2071 val_loss=6.3221 val_ppl=556.7429
2026-03-03 07:43:53,638 | INFO | experiment.Attention Is All You Need | attempt=3 step=380 d_model=256 layers=4 train_loss=6.4154 val_loss=6.3012 val_ppl=545.2159
2026-03-03 07:43:55,083 | INFO | experiment.Attention Is All You Need | attempt=3 step=400 d_model=256 layers=4 train_loss=6.2678 val_loss=6.2786 val_ppl=533.0291
2026-03-03 07:43:56,513 | INFO | experiment.Attention Is All You Need | attempt=3 step=420 d_model=256 layers=4 train_loss=6.4280 val_loss=6.2576 val_ppl=521.9833
2026-03-03 07:43:57,963 | INFO | experiment.Attention Is All You Need | attempt=3 step=440 d_model=256 layers=4 train_loss=6.2862 val_loss=6.2387 val_ppl=512.1961
2026-03-03 07:43:59,422 | INFO | experiment.Attention Is All You Need | attempt=3 step=460 d_model=256 layers=4 train_loss=6.3526 val_loss=6.2346 val_ppl=510.1004
2026-03-03 07:44:00,872 | INFO | experiment.Attention Is All You Need | attempt=3 step=480 d_model=256 layers=4 train_loss=6.5936 val_loss=6.2145 val_ppl=499.9623
2026-03-03 07:44:00,873 | INFO | experiment.Attention Is All You Need | attempt_done attempt=3 steps=480 d_model=256 layers=4 val_ppl=499.9623
2026-03-03 07:44:00,873 | INFO | experiment.Attention Is All You Need | target_achieved attempt=3 val_ppl=499.9623 baseline=596.7066
2026-03-03 07:44:01,098 | INFO | experiment.Attention Is All You Need | experiment_done best_attempt=3 final_val_ppl=499.9623 baseline=596.7066 target_achieved=True
2026-03-03 07:44:03,851 | INFO | main | [git] commit and push completed
2026-03-03 07:48:36,228 | INFO | numexpr.utils | Note: NumExpr detected 48 cores but "NUMEXPR_MAX_THREADS" not set, so enforcing safe limit of 8.
2026-03-03 07:48:36,228 | INFO | numexpr.utils | NumExpr defaulting to 8 threads.
2026-03-03 07:48:36,715 | INFO | experiment.Attention Is All You Need | experiment_start paper=Attention Is All You Need seed=42 iterations=120
2026-03-03 07:48:36,720 | INFO | experiment.Attention Is All You Need | device=cuda
2026-03-03 07:48:36,959 | INFO | httpx | HTTP Request: HEAD https://huggingface.co/datasets/wikitext/resolve/main/README.md "HTTP/1.1 307 Temporary Redirect"
2026-03-03 07:48:37,157 | INFO | httpx | HTTP Request: HEAD https://huggingface.co/datasets/Salesforce/wikitext/resolve/main/README.md "HTTP/1.1 307 Temporary Redirect"
2026-03-03 07:48:37,168 | INFO | httpx | HTTP Request: HEAD https://huggingface.co/api/resolve-cache/datasets/Salesforce/wikitext/b08601e04326c79dfdd32d625aee71d232d685c3/README.md "HTTP/1.1 200 OK"
2026-03-03 07:48:37,369 | INFO | httpx | HTTP Request: HEAD https://huggingface.co/datasets/wikitext/resolve/b08601e04326c79dfdd32d625aee71d232d685c3/wikitext.py "HTTP/1.1 307 Temporary Redirect"
2026-03-03 07:48:37,573 | INFO | httpx | HTTP Request: HEAD https://huggingface.co/datasets/Salesforce/wikitext/resolve/b08601e04326c79dfdd32d625aee71d232d685c3/wikitext.py "HTTP/1.1 404 Not Found"
2026-03-03 07:48:38,215 | INFO | httpx | HTTP Request: HEAD https://s3.amazonaws.com/datasets.huggingface.co/datasets/datasets/wikitext/wikitext.py "HTTP/1.1 200 OK"
2026-03-03 07:48:38,437 | INFO | httpx | HTTP Request: GET https://huggingface.co/api/datasets/wikitext/revision/b08601e04326c79dfdd32d625aee71d232d685c3 "HTTP/1.1 307 Temporary Redirect"
2026-03-03 07:48:38,633 | INFO | httpx | HTTP Request: GET https://huggingface.co/api/datasets/Salesforce/wikitext/revision/b08601e04326c79dfdd32d625aee71d232d685c3 "HTTP/1.1 200 OK"
2026-03-03 07:48:38,837 | INFO | httpx | HTTP Request: HEAD https://huggingface.co/datasets/wikitext/resolve/b08601e04326c79dfdd32d625aee71d232d685c3/.huggingface.yaml "HTTP/1.1 307 Temporary Redirect"
2026-03-03 07:48:39,035 | INFO | httpx | HTTP Request: HEAD https://huggingface.co/datasets/Salesforce/wikitext/resolve/b08601e04326c79dfdd32d625aee71d232d685c3/.huggingface.yaml "HTTP/1.1 404 Not Found"
2026-03-03 07:48:39,276 | INFO | httpx | HTTP Request: GET https://datasets-server.huggingface.co/info?dataset=wikitext "HTTP/1.1 404 Not Found"
2026-03-03 07:48:39,477 | INFO | httpx | HTTP Request: GET https://huggingface.co/api/datasets/wikitext/tree/b08601e04326c79dfdd32d625aee71d232d685c3/wikitext-103-raw-v1?recursive=true&expand=false "HTTP/1.1 307 Temporary Redirect"
2026-03-03 07:48:39,683 | INFO | httpx | HTTP Request: GET https://huggingface.co/api/datasets/Salesforce/wikitext/tree/b08601e04326c79dfdd32d625aee71d232d685c3/wikitext-103-raw-v1?recursive=true&expand=false "HTTP/1.1 200 OK"
2026-03-03 07:48:39,884 | INFO | httpx | HTTP Request: GET https://huggingface.co/api/datasets/wikitext/tree/b08601e04326c79dfdd32d625aee71d232d685c3?recursive=false&expand=false "HTTP/1.1 307 Temporary Redirect"
2026-03-03 07:48:40,357 | INFO | httpx | HTTP Request: GET https://huggingface.co/api/datasets/Salesforce/wikitext/tree/b08601e04326c79dfdd32d625aee71d232d685c3?recursive=false&expand=false "HTTP/1.1 200 OK"
2026-03-03 07:48:40,568 | INFO | httpx | HTTP Request: HEAD https://huggingface.co/datasets/wikitext/resolve/b08601e04326c79dfdd32d625aee71d232d685c3/dataset_infos.json "HTTP/1.1 307 Temporary Redirect"
2026-03-03 07:48:40,770 | INFO | httpx | HTTP Request: HEAD https://huggingface.co/datasets/Salesforce/wikitext/resolve/b08601e04326c79dfdd32d625aee71d232d685c3/dataset_infos.json "HTTP/1.1 404 Not Found"
2026-03-03 07:48:40,983 | INFO | httpx | HTTP Request: GET https://huggingface.co/api/datasets/wikitext/tree/b08601e04326c79dfdd32d625aee71d232d685c3/wikitext-2-raw-v1?recursive=true&expand=false "HTTP/1.1 307 Temporary Redirect"
2026-03-03 07:48:41,188 | INFO | httpx | HTTP Request: GET https://huggingface.co/api/datasets/Salesforce/wikitext/tree/b08601e04326c79dfdd32d625aee71d232d685c3/wikitext-2-raw-v1?recursive=true&expand=false "HTTP/1.1 200 OK"
2026-03-03 07:48:41,526 | INFO | httpx | HTTP Request: HEAD https://huggingface.co/datasets/wikitext/resolve/main/README.md "HTTP/1.1 307 Temporary Redirect"
2026-03-03 07:48:41,728 | INFO | httpx | HTTP Request: HEAD https://huggingface.co/datasets/Salesforce/wikitext/resolve/main/README.md "HTTP/1.1 307 Temporary Redirect"
2026-03-03 07:48:41,738 | INFO | httpx | HTTP Request: HEAD https://huggingface.co/api/resolve-cache/datasets/Salesforce/wikitext/b08601e04326c79dfdd32d625aee71d232d685c3/README.md "HTTP/1.1 200 OK"
2026-03-03 07:48:41,937 | INFO | httpx | HTTP Request: HEAD https://huggingface.co/datasets/wikitext/resolve/b08601e04326c79dfdd32d625aee71d232d685c3/wikitext.py "HTTP/1.1 307 Temporary Redirect"
2026-03-03 07:48:42,133 | INFO | httpx | HTTP Request: HEAD https://huggingface.co/datasets/Salesforce/wikitext/resolve/b08601e04326c79dfdd32d625aee71d232d685c3/wikitext.py "HTTP/1.1 404 Not Found"
2026-03-03 07:48:42,345 | INFO | httpx | HTTP Request: HEAD https://s3.amazonaws.com/datasets.huggingface.co/datasets/datasets/wikitext/wikitext.py "HTTP/1.1 200 OK"
2026-03-03 07:48:42,573 | INFO | httpx | HTTP Request: HEAD https://huggingface.co/datasets/wikitext/resolve/b08601e04326c79dfdd32d625aee71d232d685c3/.huggingface.yaml "HTTP/1.1 307 Temporary Redirect"
2026-03-03 07:48:42,774 | INFO | httpx | HTTP Request: HEAD https://huggingface.co/datasets/Salesforce/wikitext/resolve/b08601e04326c79dfdd32d625aee71d232d685c3/.huggingface.yaml "HTTP/1.1 404 Not Found"
2026-03-03 07:48:42,993 | INFO | httpx | HTTP Request: GET https://datasets-server.huggingface.co/info?dataset=wikitext "HTTP/1.1 404 Not Found"
2026-03-03 07:48:43,199 | INFO | httpx | HTTP Request: HEAD https://huggingface.co/datasets/wikitext/resolve/b08601e04326c79dfdd32d625aee71d232d685c3/dataset_infos.json "HTTP/1.1 307 Temporary Redirect"
2026-03-03 07:48:43,397 | INFO | httpx | HTTP Request: HEAD https://huggingface.co/datasets/Salesforce/wikitext/resolve/b08601e04326c79dfdd32d625aee71d232d685c3/dataset_infos.json "HTTP/1.1 404 Not Found"
2026-03-03 07:48:45,561 | INFO | experiment.Attention Is All You Need | baseline unigram_ppl=755.5196 bigram_ppl=596.7066
2026-03-03 07:48:47,939 | INFO | experiment.Attention Is All You Need | attempt=1 step=1 d_model=128 layers=2 train_loss=10.0888 val_loss=10.0035 val_ppl=22104.2198
2026-03-03 07:48:48,814 | INFO | experiment.Attention Is All You Need | attempt=1 step=20 d_model=128 layers=2 train_loss=8.9533 val_loss=8.7967 val_ppl=6612.6062
2026-03-03 07:48:49,701 | INFO | experiment.Attention Is All You Need | attempt=1 step=40 d_model=128 layers=2 train_loss=8.0610 val_loss=7.9354 val_ppl=2794.4020
2026-03-03 07:48:50,593 | INFO | experiment.Attention Is All You Need | attempt=1 step=60 d_model=128 layers=2 train_loss=7.3435 val_loss=7.3236 val_ppl=1515.6539
2026-03-03 07:48:51,484 | INFO | experiment.Attention Is All You Need | attempt=1 step=80 d_model=128 layers=2 train_loss=7.0515 val_loss=6.9573 val_ppl=1050.7581
2026-03-03 07:48:52,368 | INFO | experiment.Attention Is All You Need | attempt=1 step=100 d_model=128 layers=2 train_loss=6.8283 val_loss=6.8234 val_ppl=919.1465
2026-03-03 07:48:53,254 | INFO | experiment.Attention Is All You Need | attempt=1 step=120 d_model=128 layers=2 train_loss=6.7364 val_loss=6.7850 val_ppl=884.4519
2026-03-03 07:48:53,330 | INFO | experiment.Attention Is All You Need | attempt_done attempt=1 steps=120 d_model=128 layers=2 val_ppl=884.4519
2026-03-03 07:48:54,182 | INFO | experiment.Attention Is All You Need | attempt=2 step=1 d_model=192 layers=3 train_loss=10.0732 val_loss=9.8839 val_ppl=19611.8258
2026-03-03 07:48:55,328 | INFO | experiment.Attention Is All You Need | attempt=2 step=20 d_model=192 layers=3 train_loss=8.4217 val_loss=8.2261 val_ppl=3737.2464
2026-03-03 07:48:56,480 | INFO | experiment.Attention Is All You Need | attempt=2 step=40 d_model=192 layers=3 train_loss=7.4122 val_loss=7.3034 val_ppl=1485.3423
2026-03-03 07:48:57,636 | INFO | experiment.Attention Is All You Need | attempt=2 step=60 d_model=192 layers=3 train_loss=6.8025 val_loss=6.8907 val_ppl=983.0575
2026-03-03 07:48:58,803 | INFO | experiment.Attention Is All You Need | attempt=2 step=80 d_model=192 layers=3 train_loss=6.8826 val_loss=6.8393 val_ppl=933.8783
2026-03-03 07:48:59,956 | INFO | experiment.Attention Is All You Need | attempt=2 step=100 d_model=192 layers=3 train_loss=6.7404 val_loss=6.8002 val_ppl=897.9908
2026-03-03 07:49:01,123 | INFO | experiment.Attention Is All You Need | attempt=2 step=120 d_model=192 layers=3 train_loss=6.6671 val_loss=6.7614 val_ppl=863.8779
2026-03-03 07:49:02,290 | INFO | experiment.Attention Is All You Need | attempt=2 step=140 d_model=192 layers=3 train_loss=6.6552 val_loss=6.6973 val_ppl=810.2499
2026-03-03 07:49:03,454 | INFO | experiment.Attention Is All You Need | attempt=2 step=160 d_model=192 layers=3 train_loss=6.8877 val_loss=6.6424 val_ppl=766.9153
2026-03-03 07:49:04,610 | INFO | experiment.Attention Is All You Need | attempt=2 step=180 d_model=192 layers=3 train_loss=6.6422 val_loss=6.5931 val_ppl=730.0470
2026-03-03 07:49:05,789 | INFO | experiment.Attention Is All You Need | attempt=2 step=200 d_model=192 layers=3 train_loss=6.4003 val_loss=6.5616 val_ppl=707.3732
2026-03-03 07:49:06,948 | INFO | experiment.Attention Is All You Need | attempt=2 step=220 d_model=192 layers=3 train_loss=6.5050 val_loss=6.5394 val_ppl=691.8850
2026-03-03 07:49:08,104 | INFO | experiment.Attention Is All You Need | attempt=2 step=240 d_model=192 layers=3 train_loss=6.5022 val_loss=6.5026 val_ppl=666.8958
2026-03-03 07:49:08,110 | INFO | experiment.Attention Is All You Need | attempt_done attempt=2 steps=240 d_model=192 layers=3 val_ppl=666.8958
2026-03-03 07:49:09,161 | INFO | experiment.Attention Is All You Need | attempt=3 step=1 d_model=256 layers=4 train_loss=10.1026 val_loss=9.7206 val_ppl=16657.9336
2026-03-03 07:49:10,650 | INFO | experiment.Attention Is All You Need | attempt=3 step=20 d_model=256 layers=4 train_loss=8.0169 val_loss=7.8507 val_ppl=2567.6443
2026-03-03 07:49:12,080 | INFO | experiment.Attention Is All You Need | attempt=3 step=40 d_model=256 layers=4 train_loss=6.9828 val_loss=6.9812 val_ppl=1076.1575
2026-03-03 07:49:13,525 | INFO | experiment.Attention Is All You Need | attempt=3 step=60 d_model=256 layers=4 train_loss=6.7141 val_loss=6.8704 val_ppl=963.3348
2026-03-03 07:49:14,965 | INFO | experiment.Attention Is All You Need | attempt=3 step=80 d_model=256 layers=4 train_loss=6.8395 val_loss=6.8587 val_ppl=952.0989
2026-03-03 07:49:16,423 | INFO | experiment.Attention Is All You Need | attempt=3 step=100 d_model=256 layers=4 train_loss=6.7212 val_loss=6.7867 val_ppl=886.0054
2026-03-03 07:49:17,876 | INFO | experiment.Attention Is All You Need | attempt=3 step=120 d_model=256 layers=4 train_loss=6.6012 val_loss=6.7070 val_ppl=818.1240
2026-03-03 07:49:19,321 | INFO | experiment.Attention Is All You Need | attempt=3 step=140 d_model=256 layers=4 train_loss=6.5566 val_loss=6.6339 val_ppl=760.4439
2026-03-03 07:49:20,762 | INFO | experiment.Attention Is All You Need | attempt=3 step=160 d_model=256 layers=4 train_loss=6.8602 val_loss=6.5854 val_ppl=724.4631
2026-03-03 07:49:22,232 | INFO | experiment.Attention Is All You Need | attempt=3 step=180 d_model=256 layers=4 train_loss=6.5338 val_loss=6.5339 val_ppl=688.0555
2026-03-03 07:49:23,678 | INFO | experiment.Attention Is All You Need | attempt=3 step=200 d_model=256 layers=4 train_loss=6.3448 val_loss=6.4976 val_ppl=663.5435
2026-03-03 07:49:25,125 | INFO | experiment.Attention Is All You Need | attempt=3 step=220 d_model=256 layers=4 train_loss=6.3832 val_loss=6.4751 val_ppl=648.8082
2026-03-03 07:49:26,578 | INFO | experiment.Attention Is All You Need | attempt=3 step=240 d_model=256 layers=4 train_loss=6.4365 val_loss=6.4461 val_ppl=630.2184
2026-03-03 07:49:28,028 | INFO | experiment.Attention Is All You Need | attempt=3 step=260 d_model=256 layers=4 train_loss=6.4672 val_loss=6.4115 val_ppl=608.8297
2026-03-03 07:49:29,482 | INFO | experiment.Attention Is All You Need | attempt=3 step=280 d_model=256 layers=4 train_loss=6.5926 val_loss=6.3965 val_ppl=599.7580
2026-03-03 07:49:30,927 | INFO | experiment.Attention Is All You Need | attempt=3 step=300 d_model=256 layers=4 train_loss=6.4068 val_loss=6.3818 val_ppl=590.9757
2026-03-03 07:49:32,385 | INFO | experiment.Attention Is All You Need | attempt=3 step=320 d_model=256 layers=4 train_loss=6.1778 val_loss=6.3664 val_ppl=581.9807
2026-03-03 07:49:33,834 | INFO | experiment.Attention Is All You Need | attempt=3 step=340 d_model=256 layers=4 train_loss=6.1302 val_loss=6.3447 val_ppl=569.4581
2026-03-03 07:49:35,270 | INFO | experiment.Attention Is All You Need | attempt=3 step=360 d_model=256 layers=4 train_loss=6.2071 val_loss=6.3221 val_ppl=556.7429
2026-03-03 07:49:36,711 | INFO | experiment.Attention Is All You Need | attempt=3 step=380 d_model=256 layers=4 train_loss=6.4154 val_loss=6.3012 val_ppl=545.2159
2026-03-03 07:49:38,165 | INFO | experiment.Attention Is All You Need | attempt=3 step=400 d_model=256 layers=4 train_loss=6.2678 val_loss=6.2786 val_ppl=533.0291
2026-03-03 07:49:39,616 | INFO | experiment.Attention Is All You Need | attempt=3 step=420 d_model=256 layers=4 train_loss=6.4280 val_loss=6.2576 val_ppl=521.9833
2026-03-03 07:49:41,053 | INFO | experiment.Attention Is All You Need | attempt=3 step=440 d_model=256 layers=4 train_loss=6.2862 val_loss=6.2387 val_ppl=512.1961
2026-03-03 07:49:42,510 | INFO | experiment.Attention Is All You Need | attempt=3 step=460 d_model=256 layers=4 train_loss=6.3526 val_loss=6.2346 val_ppl=510.1004
2026-03-03 07:49:43,955 | INFO | experiment.Attention Is All You Need | attempt=3 step=480 d_model=256 layers=4 train_loss=6.5936 val_loss=6.2145 val_ppl=499.9623
2026-03-03 07:49:43,961 | INFO | experiment.Attention Is All You Need | attempt_done attempt=3 steps=480 d_model=256 layers=4 val_ppl=499.9623
2026-03-03 07:49:43,963 | INFO | experiment.Attention Is All You Need | target_achieved attempt=3 val_ppl=499.9623 baseline=596.7066
2026-03-03 07:49:44,190 | INFO | experiment.Attention Is All You Need | experiment_done best_attempt=3 final_val_ppl=499.9623 baseline=596.7066 target_achieved=True
2026-03-03 07:49:46,804 | INFO | main | [git] commit and push completed
2026-03-03 08:06:03,188 | WARNING | main | stale doing 자동 종료: req-20260303-025342-5384
